<?xml version="1.0" encoding="UTF-8"?>
<testng-results ignored="0" total="1" passed="1" failed="0" skipped="0">
  <reporter-output>
  </reporter-output>
  <suite started-at="2023-08-27T13:22:03 IST" name="Default suite" finished-at="2023-08-27T13:23:08 IST" duration-ms="64605">
    <groups>
    </groups>
    <test started-at="2023-08-27T13:22:03 IST" name="Default test" finished-at="2023-08-27T13:23:08 IST" duration-ms="64605">
      <class name="HandliningMultipleTabs.TwoTabHandling">
        <test-method signature="handlingtab()[pri:0, instance:HandliningMultipleTabs.TwoTabHandling@202b0582]" started-at="2023-08-27T13:22:04 IST" name="handlingtab" finished-at="2023-08-27T13:23:08 IST" duration-ms="64499" status="PASS">
          <reporter-output>
          </reporter-output>
        </test-method> <!-- handlingtab -->
      </class> <!-- HandliningMultipleTabs.TwoTabHandling -->
    </test> <!-- Default test -->
  </suite> <!-- Default suite -->
</testng-results>
